<?xml version="1.0" encoding="UTF-8"?>
<!-- Generated by org.testng.reporters.JUnitReportReporter -->
<testsuite skipped="0" hostname="Niko" name="restDemo.GetTest" tests="1" failures="0" timestamp="2021-04-12T00:39:03 CDT" time="45.784" errors="0">
  <testcase name="GetEmployees" time="45.784" classname="restDemo.GetTest"/>
  <system-out/>
</testsuite> <!-- restDemo.GetTest -->
