<?xml version="1.0" encoding="UTF-8"?>
<!-- Generated by org.testng.reporters.JUnitReportReporter -->
<testsuite hostname="Niko" failures="0" tests="1" name="Rest.Demo.GetTest" time="33.768" errors="0" timestamp="11 Apr 2021 05:03:14 GMT" skipped="0">
  <testcase classname="Rest.Demo.GetTest" name="GetEmployees" time="33.768"/>
</testsuite> <!-- Rest.Demo.GetTest -->
