<?xml version="1.0" encoding="UTF-8"?>
<!-- Generated by org.testng.reporters.JUnitReportReporter -->
<testsuite skipped="0" hostname="Niko" name="Rest.Demo.SimpleGetTest" tests="1" failures="0" timestamp="09 Apr 2021 21:32:50 GMT" time="1.513" errors="0">
  <testcase name="GetWeatherDetails" time="1.513" classname="Rest.Demo.SimpleGetTest"/>
</testsuite> <!-- Rest.Demo.SimpleGetTest -->
