<?xml version="1.0" encoding="UTF-8"?>
<!-- Generated by org.testng.reporters.JUnitReportReporter -->
<testsuite skipped="0" hostname="Niko" name="Rest.Demo.GetTest" tests="1" failures="0" timestamp="11 Apr 2021 04:51:35 GMT" time="33.975" errors="0">
  <testcase name="GetEmployees" time="33.975" classname="Rest.Demo.GetTest"/>
</testsuite> <!-- Rest.Demo.GetTest -->
