<?xml version="1.0" encoding="UTF-8"?>
<!-- Generated by org.testng.reporters.JUnitReportReporter -->
<testsuite hostname="Niko" failures="0" tests="1" name="restDemo.GetTest" time="48.209" errors="0" timestamp="11 Apr 2021 16:40:23 GMT" skipped="0">
  <testcase classname="restDemo.GetTest" name="GetEmployees" time="48.209"/>
</testsuite> <!-- restDemo.GetTest -->
