<?xml version="1.0" encoding="UTF-8"?>
<!-- Generated by org.testng.reporters.JUnitReportReporter -->
<testsuite hostname="Niko" failures="0" tests="1" name="seleniumVisitAmazon.VisitAmazonPage" time="19.336" errors="0" timestamp="11 Apr 2021 16:32:04 GMT" skipped="0">
  <testcase classname="seleniumVisitAmazon.VisitAmazonPage" name="visitAmazon" time="19.336"/>
</testsuite> <!-- seleniumVisitAmazon.VisitAmazonPage -->
