<?xml version="1.0" encoding="UTF-8"?>
<!-- Generated by org.testng.reporters.JUnitReportReporter -->
<testsuite skipped="0" hostname="Niko" name="seleniumVisitAmazon.VisitAmazonPage" tests="1" failures="0" timestamp="11 Apr 2021 16:50:53 GMT" time="20.054" errors="0">
  <testcase name="visitAmazon" time="20.054" classname="seleniumVisitAmazon.VisitAmazonPage"/>
</testsuite> <!-- seleniumVisitAmazon.VisitAmazonPage -->
