<?xml version="1.0" encoding="UTF-8"?>
<!-- Generated by org.testng.reporters.JUnitReportReporter -->
<testsuite skipped="0" hostname="Niko" name="seleniumVisitAmazon.VisitAmazonPageTest" tests="1" failures="0" timestamp="12 Apr 2021 05:56:50 GMT" time="17.352" errors="0">
  <testcase name="visitAmazon" time="17.352" classname="seleniumVisitAmazon.VisitAmazonPageTest"/>
</testsuite> <!-- seleniumVisitAmazon.VisitAmazonPageTest -->
