<?xml version="1.0" encoding="UTF-8"?>
<!-- Generated by org.testng.reporters.JUnitReportReporter -->
<testsuite skipped="0" hostname="Niko" name="restDemo.GetTest" tests="1" failures="0" timestamp="11 Apr 2021 18:13:26 GMT" time="57.950" errors="0">
  <testcase name="Get" time="57.950" classname="restDemo.GetTest"/>
</testsuite> <!-- restDemo.GetTest -->
